/*C3*/SET SCHEMA PUBLIC
DELETE FROM CREDIT_OFFER WHERE CLIENT_ID=2352 AND CREDIT_ID=1988
INSERT INTO CREDIT_OFFER VALUES(2352,1988,45000.0E0,NULL)
COMMIT
INSERT INTO SCHEDULES VALUES(2509,'2021-02-11 00:00:00.000000',375.0E0,3581.2149253504454E0,3956.2149253504454E0,2352,1988)
ALTER SEQUENCE PUBLIC.HIBERNATE_SEQUENCE RESTART WITH 2510
COMMIT
INSERT INTO SCHEDULES VALUES(2510,'2021-03-11 00:00:00.000000',345.15654228874627E0,3611.0583830616993E0,3956.2149253504454E0,2352,1988)
ALTER SEQUENCE PUBLIC.HIBERNATE_SEQUENCE RESTART WITH 2511
COMMIT
INSERT INTO SCHEDULES VALUES(2511,'2021-04-11 00:00:00.000000',315.0643890965655E0,3641.15053625388E0,3956.2149253504454E0,2352,1988)
ALTER SEQUENCE PUBLIC.HIBERNATE_SEQUENCE RESTART WITH 2512
COMMIT
INSERT INTO SCHEDULES VALUES(2512,'2021-05-11 00:00:00.000000',284.72146796111645E0,3671.493457389329E0,3956.2149253504454E0,2352,1988)
ALTER SEQUENCE PUBLIC.HIBERNATE_SEQUENCE RESTART WITH 2513
COMMIT
INSERT INTO SCHEDULES VALUES(2513,'2021-06-11 00:00:00.000000',254.12568914953872E0,3702.0892362009067E0,3956.2149253504454E0,2352,1988)
ALTER SEQUENCE PUBLIC.HIBERNATE_SEQUENCE RESTART WITH 2514
COMMIT
INSERT INTO SCHEDULES VALUES(2514,'2021-07-11 00:00:00.000000',223.27494551453117E0,3732.939979835914E0,3956.2149253504454E0,2352,1988)
ALTER SEQUENCE PUBLIC.HIBERNATE_SEQUENCE RESTART WITH 2515
COMMIT
INSERT INTO SCHEDULES VALUES(2515,'2021-08-11 00:00:00.000000',192.16711234923187E0,3764.0478130012134E0,3956.2149253504454E0,2352,1988)
ALTER SEQUENCE PUBLIC.HIBERNATE_SEQUENCE RESTART WITH 2516
COMMIT
INSERT INTO SCHEDULES VALUES(2516,'2021-09-11 00:00:00.000000',160.80004724088843E0,3795.414878109557E0,3956.2149253504454E0,2352,1988)
ALTER SEQUENCE PUBLIC.HIBERNATE_SEQUENCE RESTART WITH 2517
COMMIT
INSERT INTO SCHEDULES VALUES(2517,'2021-10-11 00:00:00.000000',129.17158992330877E0,3827.0433354271368E0,3956.2149253504454E0,2352,1988)
ALTER SEQUENCE PUBLIC.HIBERNATE_SEQUENCE RESTART WITH 2518
COMMIT
INSERT INTO SCHEDULES VALUES(2518,'2021-11-11 00:00:00.000000',97.27956212808265E0,3858.935363222363E0,3956.2149253504454E0,2352,1988)
ALTER SEQUENCE PUBLIC.HIBERNATE_SEQUENCE RESTART WITH 2519
COMMIT
INSERT INTO SCHEDULES VALUES(2519,'2021-12-11 00:00:00.000000',65.12176743456295E0,3891.0931579158823E0,3956.2149253504454E0,2352,1988)
ALTER SEQUENCE PUBLIC.HIBERNATE_SEQUENCE RESTART WITH 2520
COMMIT
INSERT INTO SCHEDULES VALUES(2520,'2022-01-11 00:00:00.000000',32.69599111859726E0,3923.518934231848E0,3956.2149253504454E0,2352,1988)
ALTER SEQUENCE PUBLIC.HIBERNATE_SEQUENCE RESTART WITH 2521
COMMIT
/*C2*/SET SCHEMA PUBLIC
DELETE FROM CREDIT_OFFER WHERE CLIENT_ID=2352 AND CREDIT_ID=1988
COMMIT
DELETE FROM SCHEDULES WHERE ID=2353
DELETE FROM SCHEDULES WHERE ID=2354
DELETE FROM SCHEDULES WHERE ID=2355
DELETE FROM SCHEDULES WHERE ID=2356
DELETE FROM SCHEDULES WHERE ID=2357
DELETE FROM SCHEDULES WHERE ID=2358
DELETE FROM SCHEDULES WHERE ID=2359
DELETE FROM SCHEDULES WHERE ID=2360
DELETE FROM SCHEDULES WHERE ID=2361
DELETE FROM SCHEDULES WHERE ID=2362
DELETE FROM SCHEDULES WHERE ID=2363
DELETE FROM SCHEDULES WHERE ID=2364
DELETE FROM SCHEDULES WHERE ID=2473
DELETE FROM SCHEDULES WHERE ID=2474
DELETE FROM SCHEDULES WHERE ID=2475
DELETE FROM SCHEDULES WHERE ID=2476
DELETE FROM SCHEDULES WHERE ID=2477
DELETE FROM SCHEDULES WHERE ID=2478
DELETE FROM SCHEDULES WHERE ID=2479
DELETE FROM SCHEDULES WHERE ID=2480
DELETE FROM SCHEDULES WHERE ID=2481
DELETE FROM SCHEDULES WHERE ID=2482
DELETE FROM SCHEDULES WHERE ID=2483
DELETE FROM SCHEDULES WHERE ID=2484
DELETE FROM SCHEDULES WHERE ID=2497
DELETE FROM SCHEDULES WHERE ID=2498
DELETE FROM SCHEDULES WHERE ID=2499
DELETE FROM SCHEDULES WHERE ID=2500
DELETE FROM SCHEDULES WHERE ID=2501
DELETE FROM SCHEDULES WHERE ID=2502
DELETE FROM SCHEDULES WHERE ID=2503
DELETE FROM SCHEDULES WHERE ID=2504
DELETE FROM SCHEDULES WHERE ID=2505
DELETE FROM SCHEDULES WHERE ID=2506
DELETE FROM SCHEDULES WHERE ID=2507
DELETE FROM SCHEDULES WHERE ID=2508
DELETE FROM SCHEDULES WHERE ID=2509
DELETE FROM SCHEDULES WHERE ID=2510
DELETE FROM SCHEDULES WHERE ID=2511
DELETE FROM SCHEDULES WHERE ID=2512
DELETE FROM SCHEDULES WHERE ID=2513
DELETE FROM SCHEDULES WHERE ID=2514
DELETE FROM SCHEDULES WHERE ID=2515
DELETE FROM SCHEDULES WHERE ID=2516
DELETE FROM SCHEDULES WHERE ID=2517
DELETE FROM SCHEDULES WHERE ID=2518
DELETE FROM SCHEDULES WHERE ID=2519
DELETE FROM SCHEDULES WHERE ID=2520
COMMIT
DELETE FROM BANK WHERE CLIENT_ID=2352 AND CREDIT_ID=1988
COMMIT
DELETE FROM CREDIT_OFFER WHERE CLIENT_ID=2352 AND CREDIT_ID=1987
COMMIT
DELETE FROM SCHEDULES WHERE ID=2377
DELETE FROM SCHEDULES WHERE ID=2378
DELETE FROM SCHEDULES WHERE ID=2379
DELETE FROM SCHEDULES WHERE ID=2380
DELETE FROM SCHEDULES WHERE ID=2381
DELETE FROM SCHEDULES WHERE ID=2382
DELETE FROM SCHEDULES WHERE ID=2383
DELETE FROM SCHEDULES WHERE ID=2384
DELETE FROM SCHEDULES WHERE ID=2385
DELETE FROM SCHEDULES WHERE ID=2386
DELETE FROM SCHEDULES WHERE ID=2387
DELETE FROM SCHEDULES WHERE ID=2388
DELETE FROM SCHEDULES WHERE ID=2401
DELETE FROM SCHEDULES WHERE ID=2402
DELETE FROM SCHEDULES WHERE ID=2403
DELETE FROM SCHEDULES WHERE ID=2404
DELETE FROM SCHEDULES WHERE ID=2405
DELETE FROM SCHEDULES WHERE ID=2406
DELETE FROM SCHEDULES WHERE ID=2407
DELETE FROM SCHEDULES WHERE ID=2408
DELETE FROM SCHEDULES WHERE ID=2409
DELETE FROM SCHEDULES WHERE ID=2410
DELETE FROM SCHEDULES WHERE ID=2411
DELETE FROM SCHEDULES WHERE ID=2412
DELETE FROM SCHEDULES WHERE ID=2425
DELETE FROM SCHEDULES WHERE ID=2426
DELETE FROM SCHEDULES WHERE ID=2427
DELETE FROM SCHEDULES WHERE ID=2428
DELETE FROM SCHEDULES WHERE ID=2429
DELETE FROM SCHEDULES WHERE ID=2430
DELETE FROM SCHEDULES WHERE ID=2431
DELETE FROM SCHEDULES WHERE ID=2432
DELETE FROM SCHEDULES WHERE ID=2433
DELETE FROM SCHEDULES WHERE ID=2434
DELETE FROM SCHEDULES WHERE ID=2435
DELETE FROM SCHEDULES WHERE ID=2436
DELETE FROM SCHEDULES WHERE ID=2437
DELETE FROM SCHEDULES WHERE ID=2438
DELETE FROM SCHEDULES WHERE ID=2439
DELETE FROM SCHEDULES WHERE ID=2440
DELETE FROM SCHEDULES WHERE ID=2441
DELETE FROM SCHEDULES WHERE ID=2442
DELETE FROM SCHEDULES WHERE ID=2443
DELETE FROM SCHEDULES WHERE ID=2444
DELETE FROM SCHEDULES WHERE ID=2445
DELETE FROM SCHEDULES WHERE ID=2446
DELETE FROM SCHEDULES WHERE ID=2447
DELETE FROM SCHEDULES WHERE ID=2448
DELETE FROM SCHEDULES WHERE ID=2449
DELETE FROM SCHEDULES WHERE ID=2450
DELETE FROM SCHEDULES WHERE ID=2451
DELETE FROM SCHEDULES WHERE ID=2452
DELETE FROM SCHEDULES WHERE ID=2453
DELETE FROM SCHEDULES WHERE ID=2454
DELETE FROM SCHEDULES WHERE ID=2455
DELETE FROM SCHEDULES WHERE ID=2456
DELETE FROM SCHEDULES WHERE ID=2457
DELETE FROM SCHEDULES WHERE ID=2458
DELETE FROM SCHEDULES WHERE ID=2459
DELETE FROM SCHEDULES WHERE ID=2460
DELETE FROM SCHEDULES WHERE ID=2461
DELETE FROM SCHEDULES WHERE ID=2462
DELETE FROM SCHEDULES WHERE ID=2463
DELETE FROM SCHEDULES WHERE ID=2464
DELETE FROM SCHEDULES WHERE ID=2465
DELETE FROM SCHEDULES WHERE ID=2466
DELETE FROM SCHEDULES WHERE ID=2467
DELETE FROM SCHEDULES WHERE ID=2468
DELETE FROM SCHEDULES WHERE ID=2469
DELETE FROM SCHEDULES WHERE ID=2470
DELETE FROM SCHEDULES WHERE ID=2471
DELETE FROM SCHEDULES WHERE ID=2472
COMMIT
DELETE FROM BANK WHERE CLIENT_ID=2352 AND CREDIT_ID=1987
COMMIT
DELETE FROM CREDIT_OFFER WHERE CLIENT_ID=2339 AND CREDIT_ID=1987
COMMIT
DELETE FROM SCHEDULES WHERE ID=2340
DELETE FROM SCHEDULES WHERE ID=2341
DELETE FROM SCHEDULES WHERE ID=2342
DELETE FROM SCHEDULES WHERE ID=2343
DELETE FROM SCHEDULES WHERE ID=2344
DELETE FROM SCHEDULES WHERE ID=2345
DELETE FROM SCHEDULES WHERE ID=2346
DELETE FROM SCHEDULES WHERE ID=2347
DELETE FROM SCHEDULES WHERE ID=2348
DELETE FROM SCHEDULES WHERE ID=2349
DELETE FROM SCHEDULES WHERE ID=2350
DELETE FROM SCHEDULES WHERE ID=2351
DELETE FROM SCHEDULES WHERE ID=2389
DELETE FROM SCHEDULES WHERE ID=2390
DELETE FROM SCHEDULES WHERE ID=2391
DELETE FROM SCHEDULES WHERE ID=2392
DELETE FROM SCHEDULES WHERE ID=2393
DELETE FROM SCHEDULES WHERE ID=2394
DELETE FROM SCHEDULES WHERE ID=2395
DELETE FROM SCHEDULES WHERE ID=2396
DELETE FROM SCHEDULES WHERE ID=2397
DELETE FROM SCHEDULES WHERE ID=2398
DELETE FROM SCHEDULES WHERE ID=2399
DELETE FROM SCHEDULES WHERE ID=2400
DELETE FROM SCHEDULES WHERE ID=2413
DELETE FROM SCHEDULES WHERE ID=2414
DELETE FROM SCHEDULES WHERE ID=2415
DELETE FROM SCHEDULES WHERE ID=2416
DELETE FROM SCHEDULES WHERE ID=2417
DELETE FROM SCHEDULES WHERE ID=2418
DELETE FROM SCHEDULES WHERE ID=2419
DELETE FROM SCHEDULES WHERE ID=2420
DELETE FROM SCHEDULES WHERE ID=2421
DELETE FROM SCHEDULES WHERE ID=2422
DELETE FROM SCHEDULES WHERE ID=2423
DELETE FROM SCHEDULES WHERE ID=2424
DELETE FROM SCHEDULES WHERE ID=2485
DELETE FROM SCHEDULES WHERE ID=2486
DELETE FROM SCHEDULES WHERE ID=2487
DELETE FROM SCHEDULES WHERE ID=2488
DELETE FROM SCHEDULES WHERE ID=2489
DELETE FROM SCHEDULES WHERE ID=2490
DELETE FROM SCHEDULES WHERE ID=2491
DELETE FROM SCHEDULES WHERE ID=2492
DELETE FROM SCHEDULES WHERE ID=2493
DELETE FROM SCHEDULES WHERE ID=2494
DELETE FROM SCHEDULES WHERE ID=2495
DELETE FROM SCHEDULES WHERE ID=2496
COMMIT
DELETE FROM BANK WHERE CLIENT_ID=2339 AND CREDIT_ID=1987
COMMIT
/*C3*/DELETE FROM CREDIT_OFFER WHERE CLIENT_ID=2181 AND CREDIT_ID=1987
COMMIT
DELETE FROM SCHEDULES WHERE ID=2327
DELETE FROM SCHEDULES WHERE ID=2328
DELETE FROM SCHEDULES WHERE ID=2329
DELETE FROM SCHEDULES WHERE ID=2330
DELETE FROM SCHEDULES WHERE ID=2331
DELETE FROM SCHEDULES WHERE ID=2332
DELETE FROM SCHEDULES WHERE ID=2333
DELETE FROM SCHEDULES WHERE ID=2334
DELETE FROM SCHEDULES WHERE ID=2335
DELETE FROM SCHEDULES WHERE ID=2336
DELETE FROM SCHEDULES WHERE ID=2337
DELETE FROM SCHEDULES WHERE ID=2338
DELETE FROM SCHEDULES WHERE ID=2365
DELETE FROM SCHEDULES WHERE ID=2366
DELETE FROM SCHEDULES WHERE ID=2367
DELETE FROM SCHEDULES WHERE ID=2368
DELETE FROM SCHEDULES WHERE ID=2369
DELETE FROM SCHEDULES WHERE ID=2370
DELETE FROM SCHEDULES WHERE ID=2371
DELETE FROM SCHEDULES WHERE ID=2372
DELETE FROM SCHEDULES WHERE ID=2373
DELETE FROM SCHEDULES WHERE ID=2374
DELETE FROM SCHEDULES WHERE ID=2375
DELETE FROM SCHEDULES WHERE ID=2376
COMMIT
DELETE FROM BANK WHERE CLIENT_ID=2181 AND CREDIT_ID=1987
COMMIT
/*C2*/DELETE FROM CREDITS WHERE CREDIT_ID=1988
COMMIT
DELETE FROM CREDITS WHERE CREDIT_ID=1987
COMMIT
